Loading data...
Building unigram model...
Buliding Naive Bayes Classifier...
Predicting on the test set...
Accuracy is 74.5718642966 %
The code took 22.675853014 seconds...

Building unigram model...
Buliding Naive Bayes Classifier...
Predicting on the test set...
Accuracy is 75.2918822971 %
The code took 24.9127619267 seconds...

Building unigram model...
Buliding Naive Bayes Classifier...
Predicting on the test set...
Accuracy is 75.2743818595 %
The code took 25.3772838116 seconds...

Building unigram model...
Buliding Naive Bayes Classifier...
Predicting on the test set...
Accuracy is 75.3543838596 %
The code took 27.0047078133 seconds...

Building unigram model...
Buliding Naive Bayes Classifier...
Predicting on the test set...
Accuracy is 74.1368534213 %
The code took 20.1637370586 seconds...

74.9258731468
